\BOOKMARK [0][-]{chapter.1}{\376\377\0001\000\040\000C\000l\000a\000s\000s\000\040\000I\000n\000d\000e\000x}{}% 1
\BOOKMARK [1][-]{section.1.1}{\376\377\0001\000.\0001\000\040\000C\000l\000a\000s\000s\000\040\000L\000i\000s\000t}{chapter.1}% 2
\BOOKMARK [0][-]{chapter.2}{\376\377\0002\000\040\000F\000i\000l\000e\000\040\000I\000n\000d\000e\000x}{}% 3
\BOOKMARK [1][-]{section.2.1}{\376\377\0002\000.\0001\000\040\000F\000i\000l\000e\000\040\000L\000i\000s\000t}{chapter.2}% 4
\BOOKMARK [0][-]{chapter.3}{\376\377\0003\000\040\000C\000l\000a\000s\000s\000\040\000D\000o\000c\000u\000m\000e\000n\000t\000a\000t\000i\000o\000n}{}% 5
\BOOKMARK [1][-]{section.3.1}{\376\377\0003\000.\0001\000\040\000A\000r\000d\000u\000i\000n\000o\000S\000M\000B\000u\000s\000\040\000C\000l\000a\000s\000s\000\040\000R\000e\000f\000e\000r\000e\000n\000c\000e}{chapter.3}% 6
\BOOKMARK [2][-]{subsection.3.1.1}{\376\377\0003\000.\0001\000.\0001\000\040\000C\000o\000n\000s\000t\000r\000u\000c\000t\000o\000r\000\040\000\046\000\040\000D\000e\000s\000t\000r\000u\000c\000t\000o\000r\000\040\000D\000o\000c\000u\000m\000e\000n\000t\000a\000t\000i\000o\000n}{section.3.1}% 7
\BOOKMARK [3][-]{subsubsection.3.1.1.1}{\376\377\0003\000.\0001\000.\0001\000.\0001\000\040\000A\000r\000d\000u\000i\000n\000o\000S\000M\000B\000u\000s\000\050\000\051}{subsection.3.1.1}% 8
\BOOKMARK [2][-]{subsection.3.1.2}{\376\377\0003\000.\0001\000.\0002\000\040\000M\000e\000m\000b\000e\000r\000\040\000F\000u\000n\000c\000t\000i\000o\000n\000\040\000D\000o\000c\000u\000m\000e\000n\000t\000a\000t\000i\000o\000n}{section.3.1}% 9
\BOOKMARK [3][-]{subsubsection.3.1.2.1}{\376\377\0003\000.\0001\000.\0002\000.\0001\000\040\000a\000b\000s\000o\000l\000u\000t\000e\000S\000t\000a\000t\000e\000O\000f\000C\000h\000a\000r\000g\000e\000\050\000\051}{subsection.3.1.2}% 10
\BOOKMARK [3][-]{subsubsection.3.1.2.2}{\376\377\0003\000.\0001\000.\0002\000.\0002\000\040\000a\000v\000e\000r\000a\000g\000e\000C\000u\000r\000r\000e\000n\000t\000\050\000\051}{subsection.3.1.2}% 11
\BOOKMARK [3][-]{subsubsection.3.1.2.3}{\376\377\0003\000.\0001\000.\0002\000.\0003\000\040\000a\000v\000g\000T\000i\000m\000e\000T\000o\000E\000m\000p\000t\000y\000\050\000\051}{subsection.3.1.2}% 12
\BOOKMARK [3][-]{subsubsection.3.1.2.4}{\376\377\0003\000.\0001\000.\0002\000.\0004\000\040\000a\000v\000g\000T\000i\000m\000e\000T\000o\000F\000u\000l\000l\000\050\000\051}{subsection.3.1.2}% 13
\BOOKMARK [3][-]{subsubsection.3.1.2.5}{\376\377\0003\000.\0001\000.\0002\000.\0005\000\040\000b\000a\000t\000t\000e\000r\000y\000M\000o\000d\000e\000\050\000\051}{subsection.3.1.2}% 14
\BOOKMARK [3][-]{subsubsection.3.1.2.6}{\376\377\0003\000.\0001\000.\0002\000.\0006\000\040\000b\000a\000t\000t\000e\000r\000y\000S\000t\000a\000t\000u\000s\000\050\000\051}{subsection.3.1.2}% 15
\BOOKMARK [3][-]{subsubsection.3.1.2.7}{\376\377\0003\000.\0001\000.\0002\000.\0007\000\040\000c\000h\000a\000r\000g\000i\000n\000g\000C\000u\000r\000r\000e\000n\000t\000\050\000\051}{subsection.3.1.2}% 16
\BOOKMARK [3][-]{subsubsection.3.1.2.8}{\376\377\0003\000.\0001\000.\0002\000.\0008\000\040\000c\000h\000a\000r\000g\000i\000n\000g\000V\000o\000l\000t\000a\000g\000e\000\050\000\051}{subsection.3.1.2}% 17
\BOOKMARK [3][-]{subsubsection.3.1.2.9}{\376\377\0003\000.\0001\000.\0002\000.\0009\000\040\000c\000u\000r\000r\000e\000n\000t\000\050\000\051}{subsection.3.1.2}% 18
\BOOKMARK [3][-]{subsubsection.3.1.2.10}{\376\377\0003\000.\0001\000.\0002\000.\0001\0000\000\040\000c\000y\000c\000l\000e\000C\000o\000u\000n\000t\000\050\000\051}{subsection.3.1.2}% 19
\BOOKMARK [3][-]{subsubsection.3.1.2.11}{\376\377\0003\000.\0001\000.\0002\000.\0001\0001\000\040\000d\000e\000s\000i\000g\000n\000C\000a\000p\000a\000c\000i\000t\000y\000\050\000\051}{subsection.3.1.2}% 20
\BOOKMARK [3][-]{subsubsection.3.1.2.12}{\376\377\0003\000.\0001\000.\0002\000.\0001\0002\000\040\000d\000e\000s\000i\000g\000n\000V\000o\000l\000t\000a\000g\000e\000\050\000\051}{subsection.3.1.2}% 21
\BOOKMARK [3][-]{subsubsection.3.1.2.13}{\376\377\0003\000.\0001\000.\0002\000.\0001\0003\000\040\000d\000e\000v\000i\000c\000e\000C\000h\000e\000m\000i\000s\000t\000r\000y\000\050\000\051}{subsection.3.1.2}% 22
\BOOKMARK [3][-]{subsubsection.3.1.2.14}{\376\377\0003\000.\0001\000.\0002\000.\0001\0004\000\040\000d\000e\000v\000i\000c\000e\000N\000a\000m\000e\000\050\000\051}{subsection.3.1.2}% 23
\BOOKMARK [3][-]{subsubsection.3.1.2.15}{\376\377\0003\000.\0001\000.\0002\000.\0001\0005\000\040\000f\000u\000l\000l\000C\000a\000p\000a\000c\000i\000t\000y\000\050\000\051}{subsection.3.1.2}% 24
\BOOKMARK [3][-]{subsubsection.3.1.2.16}{\376\377\0003\000.\0001\000.\0002\000.\0001\0006\000\040\000i\000s\000C\000h\000a\000r\000g\000i\000n\000g\000\050\000\051}{subsection.3.1.2}% 25
\BOOKMARK [3][-]{subsubsection.3.1.2.17}{\376\377\0003\000.\0001\000.\0002\000.\0001\0007\000\040\000i\000s\000F\000u\000l\000l\000y\000C\000h\000a\000r\000g\000e\000d\000\050\000\051}{subsection.3.1.2}% 26
\BOOKMARK [3][-]{subsubsection.3.1.2.18}{\376\377\0003\000.\0001\000.\0002\000.\0001\0008\000\040\000m\000a\000n\000u\000f\000a\000c\000t\000u\000r\000e\000D\000a\000t\000e\000\050\000\051}{subsection.3.1.2}% 27
\BOOKMARK [3][-]{subsubsection.3.1.2.19}{\376\377\0003\000.\0001\000.\0002\000.\0001\0009\000\040\000m\000a\000n\000u\000f\000a\000c\000t\000u\000r\000e\000r\000N\000a\000m\000e\000\050\000\051}{subsection.3.1.2}% 28
\BOOKMARK [3][-]{subsubsection.3.1.2.20}{\376\377\0003\000.\0001\000.\0002\000.\0002\0000\000\040\000m\000a\000n\000u\000f\000a\000c\000t\000u\000r\000e\000Y\000e\000a\000r\000\050\000\051}{subsection.3.1.2}% 29
\BOOKMARK [3][-]{subsubsection.3.1.2.21}{\376\377\0003\000.\0001\000.\0002\000.\0002\0001\000\040\000m\000a\000x\000E\000r\000r\000o\000r\000\050\000\051}{subsection.3.1.2}% 30
\BOOKMARK [3][-]{subsubsection.3.1.2.22}{\376\377\0003\000.\0001\000.\0002\000.\0002\0002\000\040\000r\000e\000l\000a\000t\000i\000v\000e\000S\000t\000a\000t\000e\000O\000f\000C\000h\000a\000r\000g\000e\000\050\000\051}{subsection.3.1.2}% 31
\BOOKMARK [3][-]{subsubsection.3.1.2.23}{\376\377\0003\000.\0001\000.\0002\000.\0002\0003\000\040\000r\000e\000m\000a\000i\000n\000i\000n\000g\000C\000a\000p\000a\000c\000i\000t\000y\000\050\000\051}{subsection.3.1.2}% 32
\BOOKMARK [3][-]{subsubsection.3.1.2.24}{\376\377\0003\000.\0001\000.\0002\000.\0002\0004\000\040\000r\000e\000m\000a\000i\000n\000i\000n\000g\000C\000a\000p\000a\000c\000i\000t\000y\000A\000l\000a\000r\000m\000\050\000\051}{subsection.3.1.2}% 33
\BOOKMARK [3][-]{subsubsection.3.1.2.25}{\376\377\0003\000.\0001\000.\0002\000.\0002\0005\000\040\000r\000e\000m\000a\000i\000n\000i\000n\000g\000T\000i\000m\000e\000A\000l\000a\000r\000m\000\050\000\051}{subsection.3.1.2}% 34
\BOOKMARK [3][-]{subsubsection.3.1.2.26}{\376\377\0003\000.\0001\000.\0002\000.\0002\0006\000\040\000r\000u\000n\000T\000i\000m\000e\000T\000o\000E\000m\000p\000t\000y\000\050\000\051}{subsection.3.1.2}% 35
\BOOKMARK [3][-]{subsubsection.3.1.2.27}{\376\377\0003\000.\0001\000.\0002\000.\0002\0007\000\040\000s\000e\000r\000i\000a\000l\000N\000u\000m\000b\000e\000r\000\050\000\051}{subsection.3.1.2}% 36
\BOOKMARK [3][-]{subsubsection.3.1.2.28}{\376\377\0003\000.\0001\000.\0002\000.\0002\0008\000\040\000s\000e\000t\000B\000a\000t\000t\000e\000r\000y\000A\000d\000d\000r\000e\000s\000s\000\050\000\051}{subsection.3.1.2}% 37
\BOOKMARK [3][-]{subsubsection.3.1.2.29}{\376\377\0003\000.\0001\000.\0002\000.\0002\0009\000\040\000s\000t\000a\000t\000e\000O\000f\000H\000e\000a\000l\000t\000h\000\050\000\051}{subsection.3.1.2}% 38
\BOOKMARK [3][-]{subsubsection.3.1.2.30}{\376\377\0003\000.\0001\000.\0002\000.\0003\0000\000\040\000s\000t\000a\000t\000u\000s\000O\000K\000\050\000\051}{subsection.3.1.2}% 39
\BOOKMARK [3][-]{subsubsection.3.1.2.31}{\376\377\0003\000.\0001\000.\0002\000.\0003\0001\000\040\000t\000e\000m\000p\000e\000r\000a\000t\000u\000r\000e\000\050\000\051}{subsection.3.1.2}% 40
\BOOKMARK [3][-]{subsubsection.3.1.2.32}{\376\377\0003\000.\0001\000.\0002\000.\0003\0002\000\040\000t\000e\000m\000p\000e\000r\000a\000t\000u\000r\000e\000C\000\050\000\051}{subsection.3.1.2}% 41
\BOOKMARK [3][-]{subsubsection.3.1.2.33}{\376\377\0003\000.\0001\000.\0002\000.\0003\0003\000\040\000t\000e\000m\000p\000e\000r\000a\000t\000u\000r\000e\000F\000\050\000\051}{subsection.3.1.2}% 42
\BOOKMARK [3][-]{subsubsection.3.1.2.34}{\376\377\0003\000.\0001\000.\0002\000.\0003\0004\000\040\000v\000o\000l\000t\000a\000g\000e\000\050\000\051}{subsection.3.1.2}% 43
\BOOKMARK [1][-]{section.3.2}{\376\377\0003\000.\0002\000\040\000B\000a\000t\000t\000e\000r\000y\000M\000o\000d\000e\000\040\000S\000t\000r\000u\000c\000t\000\040\000R\000e\000f\000e\000r\000e\000n\000c\000e}{chapter.3}% 44
\BOOKMARK [2][-]{subsection.3.2.1}{\376\377\0003\000.\0002\000.\0001\000\040\000D\000e\000t\000a\000i\000l\000e\000d\000\040\000D\000e\000s\000c\000r\000i\000p\000t\000i\000o\000n}{section.3.2}% 45
\BOOKMARK [2][-]{subsection.3.2.2}{\376\377\0003\000.\0002\000.\0002\000\040\000M\000e\000m\000b\000e\000r\000\040\000D\000a\000t\000a\000\040\000D\000o\000c\000u\000m\000e\000n\000t\000a\000t\000i\000o\000n}{section.3.2}% 46
\BOOKMARK [3][-]{subsubsection.3.2.2.1}{\376\377\0003\000.\0002\000.\0002\000.\0001\000\040\000a\000l\000a\000r\000m\000\137\000m\000o\000d\000e}{subsection.3.2.2}% 47
\BOOKMARK [3][-]{subsubsection.3.2.2.2}{\376\377\0003\000.\0002\000.\0002\000.\0002\000\040\000c\000a\000p\000a\000c\000i\000t\000y\000\137\000m\000o\000d\000e}{subsection.3.2.2}% 48
\BOOKMARK [3][-]{subsubsection.3.2.2.3}{\376\377\0003\000.\0002\000.\0002\000.\0003\000\040\000c\000h\000a\000r\000g\000e\000\137\000c\000o\000n\000t\000r\000o\000l\000l\000e\000r\000\137\000e\000n\000a\000b\000l\000e\000d}{subsection.3.2.2}% 49
\BOOKMARK [3][-]{subsubsection.3.2.2.4}{\376\377\0003\000.\0002\000.\0002\000.\0004\000\040\000c\000h\000a\000r\000g\000e\000r\000\137\000m\000o\000d\000e}{subsection.3.2.2}% 50
\BOOKMARK [3][-]{subsubsection.3.2.2.5}{\376\377\0003\000.\0002\000.\0002\000.\0005\000\040\000c\000o\000n\000d\000i\000t\000i\000o\000n\000\137\000f\000l\000a\000g}{subsection.3.2.2}% 51
\BOOKMARK [3][-]{subsubsection.3.2.2.6}{\376\377\0003\000.\0002\000.\0002\000.\0006\000\040\000i\000n\000t\000e\000r\000n\000a\000l\000\137\000c\000h\000a\000r\000g\000e\000\137\000c\000o\000n\000t\000r\000o\000l\000l\000e\000r}{subsection.3.2.2}% 52
\BOOKMARK [3][-]{subsubsection.3.2.2.7}{\376\377\0003\000.\0002\000.\0002\000.\0007\000\040\000p\000r\000i\000m\000a\000r\000y\000\137\000b\000a\000t\000t\000e\000r\000y}{subsection.3.2.2}% 53
\BOOKMARK [3][-]{subsubsection.3.2.2.8}{\376\377\0003\000.\0002\000.\0002\000.\0008\000\040\000p\000r\000i\000m\000a\000r\000y\000\137\000b\000a\000t\000t\000e\000r\000y\000\137\000s\000u\000p\000p\000o\000r\000t}{subsection.3.2.2}% 54
\BOOKMARK [0][-]{chapter.4}{\376\377\0004\000\040\000F\000i\000l\000e\000\040\000D\000o\000c\000u\000m\000e\000n\000t\000a\000t\000i\000o\000n}{}% 55
\BOOKMARK [1][-]{section.4.1}{\376\377\0004\000.\0001\000\040\000C\000:\000/\000U\000s\000e\000r\000s\000/\000C\000h\000r\000i\000s\000\040\000L\000e\000e\000/\000S\000y\000n\000c\000/\000P\000e\000r\000s\000o\000n\000a\000l\000\040\000P\000r\000o\000j\000e\000c\000t\000s\000/\000p\0002\0000\0002\0004\000-\0000\0000\0005\000\040\000-\000\040\000A\000r\000d\000u\000i\000n\000o\000S\000M\000B\000u\000s\000/\000A\000r\000d\000u\000i\000n\000o\000S\000M\000B\000u\000s\000/\000s\000r\000c\000/\000A\000r\000d\000u\000i\000n\000o\000S\000M\000B\000u\000s\000.\000c\000p\000p\000\040\000F\000i\000l\000e\000\040\000R\000e\000f\000e\000r\000e\000n\000c\000e}{chapter.4}% 56
\BOOKMARK [2][-]{subsection.4.1.1}{\376\377\0004\000.\0001\000.\0001\000\040\000D\000e\000t\000a\000i\000l\000e\000d\000\040\000D\000e\000s\000c\000r\000i\000p\000t\000i\000o\000n}{section.4.1}% 57
\BOOKMARK [1][-]{section.4.2}{\376\377\0004\000.\0002\000\040\000C\000:\000/\000U\000s\000e\000r\000s\000/\000C\000h\000r\000i\000s\000\040\000L\000e\000e\000/\000S\000y\000n\000c\000/\000P\000e\000r\000s\000o\000n\000a\000l\000\040\000P\000r\000o\000j\000e\000c\000t\000s\000/\000p\0002\0000\0002\0004\000-\0000\0000\0005\000\040\000-\000\040\000A\000r\000d\000u\000i\000n\000o\000S\000M\000B\000u\000s\000/\000A\000r\000d\000u\000i\000n\000o\000S\000M\000B\000u\000s\000/\000s\000r\000c\000/\000A\000r\000d\000u\000i\000n\000o\000S\000M\000B\000u\000s\000.\000h\000\040\000F\000i\000l\000e\000\040\000R\000e\000f\000e\000r\000e\000n\000c\000e}{chapter.4}% 58
\BOOKMARK [2][-]{subsection.4.2.1}{\376\377\0004\000.\0002\000.\0001\000\040\000D\000e\000t\000a\000i\000l\000e\000d\000\040\000D\000e\000s\000c\000r\000i\000p\000t\000i\000o\000n}{section.4.2}% 59
\BOOKMARK [1][-]{section.4.3}{\376\377\0004\000.\0003\000\040\000A\000r\000d\000u\000i\000n\000o\000S\000M\000B\000u\000s\000.\000h}{chapter.4}% 60
\BOOKMARK [1][-]{section.4.4}{\376\377\0004\000.\0004\000\040\000C\000:\000/\000U\000s\000e\000r\000s\000/\000C\000h\000r\000i\000s\000\040\000L\000e\000e\000/\000S\000y\000n\000c\000/\000P\000e\000r\000s\000o\000n\000a\000l\000\040\000P\000r\000o\000j\000e\000c\000t\000s\000/\000p\0002\0000\0002\0004\000-\0000\0000\0005\000\040\000-\000\040\000A\000r\000d\000u\000i\000n\000o\000S\000M\000B\000u\000s\000/\000A\000r\000d\000u\000i\000n\000o\000S\000M\000B\000u\000s\000/\000s\000r\000c\000/\000m\000a\000i\000n\000.\000c\000p\000p\000\040\000F\000i\000l\000e\000\040\000R\000e\000f\000e\000r\000e\000n\000c\000e}{chapter.4}% 61
\BOOKMARK [2][-]{subsection.4.4.1}{\376\377\0004\000.\0004\000.\0001\000\040\000D\000e\000t\000a\000i\000l\000e\000d\000\040\000D\000e\000s\000c\000r\000i\000p\000t\000i\000o\000n}{section.4.4}% 62
\BOOKMARK [0][-]{section*.8}{\376\377\000I\000n\000d\000e\000x}{}% 63
